Arguments: 
  /home/ethanh/.nvm/versions/node/v16.16.0/bin/node /home/ethanh/.nvm/versions/node/v16.16.0/bin/yarn add react-native-deck-swiper

PATH: 
  /home/ethanh/.cabal/bin:/home/ethanh/.ghcup/bin:/home/ethanh/.nvm/versions/node/v16.16.0/bin:/usr/local/sbin:/usr/local/bin:/usr/sbin:/usr/bin:/sbin:/bin:/usr/games:/usr/local/games:/snap/bin

Yarn version: 
  1.22.19

Node version: 
  16.16.0

Platform: 
  linux x64

Trace: 
  Error: ENOSPC: no space left on device, write

npm manifest: 
  {
    "name": "clone-tinder",
    "version": "1.0.0",
    "main": "node_modules/expo/AppEntry.js",
    "scripts": {
      "start": "expo start",
      "android": "expo start --android",
      "ios": "expo start --ios",
      "web": "expo start --web"
    },
    "dependencies": {
      "@react-navigation/native": "^6.1.1",
      "@react-navigation/native-stack": "^6.9.7",
      "expo": "~47.0.9",
      "expo-auth-session": "^3.8.0",
      "expo-dev-client": "^2.0.1",
      "expo-random": "^13.0.0",
      "expo-status-bar": "~1.4.2",
      "expo-web-browser": "^12.0.0",
      "firebase": "^9.15.0",
      "nativewind": "^2.0.11",
      "react": "18.1.0",
      "react-native": "0.70.5",
      "react-native-dotenv": "^3.4.6",
      "tailwindcss": "^3.2.4"
    },
    "devDependencies": {
      "@babel/core": "^7.12.9",
      "concurrently": "^7.6.0",
      "postcss": "^8.4.20"
    },
    "private": true
  }

yarn manifest: 
  No manifest

Lockfile: 
  No lockfile
